The system is: Linux - 3.10.0-1160.71.1.el7.x86_64 - x86_64
Compiling the C compiler identification source file "CMakeCCompilerId.c" succeeded.
Compiler: /opt/rh/devtoolset-10/root/usr/bin/cc 
Build flags: 
Id flags: 

The output was:
0


Compilation of the C compiler identification source "CMakeCCompilerId.c" produced "a.out"

The C compiler identification is GNU, found in "/home/lrx/ServerFrameWork/CMakeFiles/2.8.12.2/CompilerIdC/a.out"

Compiling the CXX compiler identification source file "CMakeCXXCompilerId.cpp" succeeded.
Compiler: /opt/rh/devtoolset-10/root/usr/bin/c++ 
Build flags: 
Id flags: 

The output was:
0


Compilation of the CXX compiler identification source "CMakeCXXCompilerId.cpp" produced "a.out"

The CXX compiler identification is GNU, found in "/home/lrx/ServerFrameWork/CMakeFiles/2.8.12.2/CompilerIdCXX/a.out"

Determining if the C compiler works passed with the following output:
Change Dir: /home/lrx/ServerFrameWork/CMakeFiles/CMakeTmp

Run Build Command:/opt/rh/devtoolset-10/root/usr/bin/gmake "cmTryCompileExec1128382501/fast"
/opt/rh/devtoolset-10/root/usr/bin/gmake -f CMakeFiles/cmTryCompileExec1128382501.dir/build.make CMakeFiles/cmTryCompileExec1128382501.dir/build
gmake[1]: Entering directory '/home/lrx/ServerFrameWork/CMakeFiles/CMakeTmp'
/usr/bin/cmake -E cmake_progress_report /home/lrx/ServerFrameWork/CMakeFiles/CMakeTmp/CMakeFiles 1
Building C object CMakeFiles/cmTryCompileExec1128382501.dir/testCCompiler.c.o
/opt/rh/devtoolset-10/root/usr/bin/cc    -o CMakeFiles/cmTryCompileExec1128382501.dir/testCCompiler.c.o   -c /home/lrx/ServerFrameWork/CMakeFiles/CMakeTmp/testCCompiler.c
Linking C executable cmTryCompileExec1128382501
/usr/bin/cmake -E cmake_link_script CMakeFiles/cmTryCompileExec1128382501.dir/link.txt --verbose=1
/opt/rh/devtoolset-10/root/usr/bin/cc       CMakeFiles/cmTryCompileExec1128382501.dir/testCCompiler.c.o  -o cmTryCompileExec1128382501 -rdynamic 
gmake[1]: Leaving directory '/home/lrx/ServerFrameWork/CMakeFiles/CMakeTmp'


Detecting C compiler ABI info compiled with the following output:
Change Dir: /home/lrx/ServerFrameWork/CMakeFiles/CMakeTmp

Run Build Command:/opt/rh/devtoolset-10/root/usr/bin/gmake "cmTryCompileExec3259581686/fast"
/opt/rh/devtoolset-10/root/usr/bin/gmake -f CMakeFiles/cmTryCompileExec3259581686.dir/build.make CMakeFiles/cmTryCompileExec3259581686.dir/build
gmake[1]: Entering directory '/home/lrx/ServerFrameWork/CMakeFiles/CMakeTmp'
/usr/bin/cmake -E cmake_progress_report /home/lrx/ServerFrameWork/CMakeFiles/CMakeTmp/CMakeFiles 1
Building C object CMakeFiles/cmTryCompileExec3259581686.dir/CMakeCCompilerABI.c.o
/opt/rh/devtoolset-10/root/usr/bin/cc    -o CMakeFiles/cmTryCompileExec3259581686.dir/CMakeCCompilerABI.c.o   -c /usr/share/cmake/Modules/CMakeCCompilerABI.c
Linking C executable cmTryCompileExec3259581686
/usr/bin/cmake -E cmake_link_script CMakeFiles/cmTryCompileExec3259581686.dir/link.txt --verbose=1
/opt/rh/devtoolset-10/root/usr/bin/cc     -v CMakeFiles/cmTryCompileExec3259581686.dir/CMakeCCompilerABI.c.o  -o cmTryCompileExec3259581686 -rdynamic  
Using built-in specs.
COLLECT_GCC=/opt/rh/devtoolset-10/root/usr/bin/cc
COLLECT_LTO_WRAPPER=/opt/rh/devtoolset-10/root/usr/libexec/gcc/x86_64-redhat-linux/10/lto-wrapper
Target: x86_64-redhat-linux
Configured with: ../configure --enable-bootstrap --enable-languages=c,c++,fortran,lto --prefix=/opt/rh/devtoolset-10/root/usr --mandir=/opt/rh/devtoolset-10/root/usr/share/man --infodir=/opt/rh/devtoolset-10/root/usr/share/info --with-bugurl=http://bugzilla.redhat.com/bugzilla --enable-shared --enable-threads=posix --enable-checking=release --enable-multilib --with-system-zlib --enable-__cxa_atexit --disable-libunwind-exceptions --enable-gnu-unique-object --enable-linker-build-id --with-gcc-major-version-only --with-linker-hash-style=gnu --with-default-libstdcxx-abi=gcc4-compatible --enable-plugin --enable-initfini-array --with-isl=/builddir/build/BUILD/gcc-10.2.1-20210130/obj-x86_64-redhat-linux/isl-install --disable-libmpx --enable-gnu-indirect-function --with-tune=generic --with-arch_32=x86-64 --build=x86_64-redhat-linux
Thread model: posix
Supported LTO compression algorithms: zlib
gcc version 10.2.1 20210130 (Red Hat 10.2.1-11) (GCC) 
COMPILER_PATH=/opt/rh/devtoolset-10/root/usr/libexec/gcc/x86_64-redhat-linux/10/:/opt/rh/devtoolset-10/root/usr/libexec/gcc/x86_64-redhat-linux/10/:/opt/rh/devtoolset-10/root/usr/libexec/gcc/x86_64-redhat-linux/:/opt/rh/devtoolset-10/root/usr/lib/gcc/x86_64-redhat-linux/10/:/opt/rh/devtoolset-10/root/usr/lib/gcc/x86_64-redhat-linux/
LIBRARY_PATH=/opt/rh/devtoolset-10/root/usr/lib/gcc/x86_64-redhat-linux/10/:/opt/rh/devtoolset-10/root/usr/lib/gcc/x86_64-redhat-linux/10/../../../../lib64/:/lib/../lib64/:/usr/lib/../lib64/:/opt/rh/devtoolset-10/root/usr/lib/gcc/x86_64-redhat-linux/10/../../../:/lib/:/usr/lib/
COLLECT_GCC_OPTIONS='-v' '-o' 'cmTryCompileExec3259581686' '-rdynamic' '-mtune=generic' '-march=x86-64'
 /opt/rh/devtoolset-10/root/usr/libexec/gcc/x86_64-redhat-linux/10/collect2 -plugin /opt/rh/devtoolset-10/root/usr/libexec/gcc/x86_64-redhat-linux/10/liblto_plugin.so -plugin-opt=/opt/rh/devtoolset-10/root/usr/libexec/gcc/x86_64-redhat-linux/10/lto-wrapper -plugin-opt=-fresolution=/tmp/ccfHTThq.res -plugin-opt=-pass-through=-lgcc -plugin-opt=-pass-through=-lgcc_s -plugin-opt=-pass-through=-lc -plugin-opt=-pass-through=-lgcc -plugin-opt=-pass-through=-lgcc_s --build-id --no-add-needed --eh-frame-hdr --hash-style=gnu -m elf_x86_64 -export-dynamic -dynamic-linker /lib64/ld-linux-x86-64.so.2 -o cmTryCompileExec3259581686 /lib/../lib64/crt1.o /lib/../lib64/crti.o /opt/rh/devtoolset-10/root/usr/lib/gcc/x86_64-redhat-linux/10/crtbegin.o -L/opt/rh/devtoolset-10/root/usr/lib/gcc/x86_64-redhat-linux/10 -L/opt/rh/devtoolset-10/root/usr/lib/gcc/x86_64-redhat-linux/10/../../../../lib64 -L/lib/../lib64 -L/usr/lib/../lib64 -L/opt/rh/devtoolset-10/root/usr/lib/gcc/x86_64-redhat-linux/10/../../.. CMakeFiles/cmTryCompileExec3259581686.dir/CMakeCCompilerABI.c.o -lgcc --push-state --as-needed -lgcc_s --pop-state -lc -lgcc --push-state --as-needed -lgcc_s --pop-state /opt/rh/devtoolset-10/root/usr/lib/gcc/x86_64-redhat-linux/10/crtend.o /lib/../lib64/crtn.o
COLLECT_GCC_OPTIONS='-v' '-o' 'cmTryCompileExec3259581686' '-rdynamic' '-mtune=generic' '-march=x86-64'
gmake[1]: Leaving directory '/home/lrx/ServerFrameWork/CMakeFiles/CMakeTmp'


Parsed C implicit link information from above output:
  link line regex: [^( *|.*[/\])(ld|([^/\]+-)?ld|collect2)[^/\]*( |$)]
  ignore line: [Change Dir: /home/lrx/ServerFrameWork/CMakeFiles/CMakeTmp]
  ignore line: []
  ignore line: [Run Build Command:/opt/rh/devtoolset-10/root/usr/bin/gmake "cmTryCompileExec3259581686/fast"]
  ignore line: [/opt/rh/devtoolset-10/root/usr/bin/gmake -f CMakeFiles/cmTryCompileExec3259581686.dir/build.make CMakeFiles/cmTryCompileExec3259581686.dir/build]
  ignore line: [gmake[1]: Entering directory '/home/lrx/ServerFrameWork/CMakeFiles/CMakeTmp']
  ignore line: [/usr/bin/cmake -E cmake_progress_report /home/lrx/ServerFrameWork/CMakeFiles/CMakeTmp/CMakeFiles 1]
  ignore line: [Building C object CMakeFiles/cmTryCompileExec3259581686.dir/CMakeCCompilerABI.c.o]
  ignore line: [/opt/rh/devtoolset-10/root/usr/bin/cc    -o CMakeFiles/cmTryCompileExec3259581686.dir/CMakeCCompilerABI.c.o   -c /usr/share/cmake/Modules/CMakeCCompilerABI.c]
  ignore line: [Linking C executable cmTryCompileExec3259581686]
  ignore line: [/usr/bin/cmake -E cmake_link_script CMakeFiles/cmTryCompileExec3259581686.dir/link.txt --verbose=1]
  ignore line: [/opt/rh/devtoolset-10/root/usr/bin/cc     -v CMakeFiles/cmTryCompileExec3259581686.dir/CMakeCCompilerABI.c.o  -o cmTryCompileExec3259581686 -rdynamic  ]
  ignore line: [Using built-in specs.]
  ignore line: [COLLECT_GCC=/opt/rh/devtoolset-10/root/usr/bin/cc]
  ignore line: [COLLECT_LTO_WRAPPER=/opt/rh/devtoolset-10/root/usr/libexec/gcc/x86_64-redhat-linux/10/lto-wrapper]
  ignore line: [Target: x86_64-redhat-linux]
  ignore line: [Configured with: ../configure --enable-bootstrap --enable-languages=c,c++,fortran,lto --prefix=/opt/rh/devtoolset-10/root/usr --mandir=/opt/rh/devtoolset-10/root/usr/share/man --infodir=/opt/rh/devtoolset-10/root/usr/share/info --with-bugurl=http://bugzilla.redhat.com/bugzilla --enable-shared --enable-threads=posix --enable-checking=release --enable-multilib --with-system-zlib --enable-__cxa_atexit --disable-libunwind-exceptions --enable-gnu-unique-object --enable-linker-build-id --with-gcc-major-version-only --with-linker-hash-style=gnu --with-default-libstdcxx-abi=gcc4-compatible --enable-plugin --enable-initfini-array --with-isl=/builddir/build/BUILD/gcc-10.2.1-20210130/obj-x86_64-redhat-linux/isl-install --disable-libmpx --enable-gnu-indirect-function --with-tune=generic --with-arch_32=x86-64 --build=x86_64-redhat-linux]
  ignore line: [Thread model: posix]
  ignore line: [Supported LTO compression algorithms: zlib]
  ignore line: [gcc version 10.2.1 20210130 (Red Hat 10.2.1-11) (GCC) ]
  ignore line: [COMPILER_PATH=/opt/rh/devtoolset-10/root/usr/libexec/gcc/x86_64-redhat-linux/10/:/opt/rh/devtoolset-10/root/usr/libexec/gcc/x86_64-redhat-linux/10/:/opt/rh/devtoolset-10/root/usr/libexec/gcc/x86_64-redhat-linux/:/opt/rh/devtoolset-10/root/usr/lib/gcc/x86_64-redhat-linux/10/:/opt/rh/devtoolset-10/root/usr/lib/gcc/x86_64-redhat-linux/]
  ignore line: [LIBRARY_PATH=/opt/rh/devtoolset-10/root/usr/lib/gcc/x86_64-redhat-linux/10/:/opt/rh/devtoolset-10/root/usr/lib/gcc/x86_64-redhat-linux/10/../../../../lib64/:/lib/../lib64/:/usr/lib/../lib64/:/opt/rh/devtoolset-10/root/usr/lib/gcc/x86_64-redhat-linux/10/../../../:/lib/:/usr/lib/]
  ignore line: [COLLECT_GCC_OPTIONS='-v' '-o' 'cmTryCompileExec3259581686' '-rdynamic' '-mtune=generic' '-march=x86-64']
  link line: [ /opt/rh/devtoolset-10/root/usr/libexec/gcc/x86_64-redhat-linux/10/collect2 -plugin /opt/rh/devtoolset-10/root/usr/libexec/gcc/x86_64-redhat-linux/10/liblto_plugin.so -plugin-opt=/opt/rh/devtoolset-10/root/usr/libexec/gcc/x86_64-redhat-linux/10/lto-wrapper -plugin-opt=-fresolution=/tmp/ccfHTThq.res -plugin-opt=-pass-through=-lgcc -plugin-opt=-pass-through=-lgcc_s -plugin-opt=-pass-through=-lc -plugin-opt=-pass-through=-lgcc -plugin-opt=-pass-through=-lgcc_s --build-id --no-add-needed --eh-frame-hdr --hash-style=gnu -m elf_x86_64 -export-dynamic -dynamic-linker /lib64/ld-linux-x86-64.so.2 -o cmTryCompileExec3259581686 /lib/../lib64/crt1.o /lib/../lib64/crti.o /opt/rh/devtoolset-10/root/usr/lib/gcc/x86_64-redhat-linux/10/crtbegin.o -L/opt/rh/devtoolset-10/root/usr/lib/gcc/x86_64-redhat-linux/10 -L/opt/rh/devtoolset-10/root/usr/lib/gcc/x86_64-redhat-linux/10/../../../../lib64 -L/lib/../lib64 -L/usr/lib/../lib64 -L/opt/rh/devtoolset-10/root/usr/lib/gcc/x86_64-redhat-linux/10/../../.. CMakeFiles/cmTryCompileExec3259581686.dir/CMakeCCompilerABI.c.o -lgcc --push-state --as-needed -lgcc_s --pop-state -lc -lgcc --push-state --as-needed -lgcc_s --pop-state /opt/rh/devtoolset-10/root/usr/lib/gcc/x86_64-redhat-linux/10/crtend.o /lib/../lib64/crtn.o]
    arg [/opt/rh/devtoolset-10/root/usr/libexec/gcc/x86_64-redhat-linux/10/collect2] ==> ignore
    arg [-plugin] ==> ignore
    arg [/opt/rh/devtoolset-10/root/usr/libexec/gcc/x86_64-redhat-linux/10/liblto_plugin.so] ==> ignore
    arg [-plugin-opt=/opt/rh/devtoolset-10/root/usr/libexec/gcc/x86_64-redhat-linux/10/lto-wrapper] ==> ignore
    arg [-plugin-opt=-fresolution=/tmp/ccfHTThq.res] ==> ignore
    arg [-plugin-opt=-pass-through=-lgcc] ==> ignore
    arg [-plugin-opt=-pass-through=-lgcc_s] ==> ignore
    arg [-plugin-opt=-pass-through=-lc] ==> ignore
    arg [-plugin-opt=-pass-through=-lgcc] ==> ignore
    arg [-plugin-opt=-pass-through=-lgcc_s] ==> ignore
    arg [--build-id] ==> ignore
    arg [--no-add-needed] ==> ignore
    arg [--eh-frame-hdr] ==> ignore
    arg [--hash-style=gnu] ==> ignore
    arg [-m] ==> ignore
    arg [elf_x86_64] ==> ignore
    arg [-export-dynamic] ==> ignore
    arg [-dynamic-linker] ==> ignore
    arg [/lib64/ld-linux-x86-64.so.2] ==> ignore
    arg [-o] ==> ignore
    arg [cmTryCompileExec3259581686] ==> ignore
    arg [/lib/../lib64/crt1.o] ==> ignore
    arg [/lib/../lib64/crti.o] ==> ignore
    arg [/opt/rh/devtoolset-10/root/usr/lib/gcc/x86_64-redhat-linux/10/crtbegin.o] ==> ignore
    arg [-L/opt/rh/devtoolset-10/root/usr/lib/gcc/x86_64-redhat-linux/10] ==> dir [/opt/rh/devtoolset-10/root/usr/lib/gcc/x86_64-redhat-linux/10]
    arg [-L/opt/rh/devtoolset-10/root/usr/lib/gcc/x86_64-redhat-linux/10/../../../../lib64] ==> dir [/opt/rh/devtoolset-10/root/usr/lib/gcc/x86_64-redhat-linux/10/../../../../lib64]
    arg [-L/lib/../lib64] ==> dir [/lib/../lib64]
    arg [-L/usr/lib/../lib64] ==> dir [/usr/lib/../lib64]
    arg [-L/opt/rh/devtoolset-10/root/usr/lib/gcc/x86_64-redhat-linux/10/../../..] ==> dir [/opt/rh/devtoolset-10/root/usr/lib/gcc/x86_64-redhat-linux/10/../../..]
    arg [CMakeFiles/cmTryCompileExec3259581686.dir/CMakeCCompilerABI.c.o] ==> ignore
    arg [-lgcc] ==> lib [gcc]
    arg [--push-state] ==> ignore
    arg [--as-needed] ==> ignore
    arg [-lgcc_s] ==> lib [gcc_s]
    arg [--pop-state] ==> ignore
    arg [-lc] ==> lib [c]
    arg [-lgcc] ==> lib [gcc]
    arg [--push-state] ==> ignore
    arg [--as-needed] ==> ignore
    arg [-lgcc_s] ==> lib [gcc_s]
    arg [--pop-state] ==> ignore
    arg [/opt/rh/devtoolset-10/root/usr/lib/gcc/x86_64-redhat-linux/10/crtend.o] ==> ignore
    arg [/lib/../lib64/crtn.o] ==> ignore
  remove lib [gcc]
  remove lib [gcc_s]
  remove lib [gcc]
  remove lib [gcc_s]
  collapse library dir [/opt/rh/devtoolset-10/root/usr/lib/gcc/x86_64-redhat-linux/10] ==> [/opt/rh/devtoolset-10/root/usr/lib/gcc/x86_64-redhat-linux/10]
  collapse library dir [/opt/rh/devtoolset-10/root/usr/lib/gcc/x86_64-redhat-linux/10/../../../../lib64] ==> [/opt/rh/devtoolset-10/root/usr/lib64]
  collapse library dir [/lib/../lib64] ==> [/lib64]
  collapse library dir [/usr/lib/../lib64] ==> [/usr/lib64]
  collapse library dir [/opt/rh/devtoolset-10/root/usr/lib/gcc/x86_64-redhat-linux/10/../../..] ==> [/opt/rh/devtoolset-10/root/usr/lib]
  implicit libs: [c]
  implicit dirs: [/opt/rh/devtoolset-10/root/usr/lib/gcc/x86_64-redhat-linux/10;/opt/rh/devtoolset-10/root/usr/lib64;/lib64;/usr/lib64;/opt/rh/devtoolset-10/root/usr/lib]
  implicit fwks: []


Determining if the CXX compiler works passed with the following output:
Change Dir: /home/lrx/ServerFrameWork/CMakeFiles/CMakeTmp

Run Build Command:/opt/rh/devtoolset-10/root/usr/bin/gmake "cmTryCompileExec2248217431/fast"
/opt/rh/devtoolset-10/root/usr/bin/gmake -f CMakeFiles/cmTryCompileExec2248217431.dir/build.make CMakeFiles/cmTryCompileExec2248217431.dir/build
gmake[1]: Entering directory '/home/lrx/ServerFrameWork/CMakeFiles/CMakeTmp'
/usr/bin/cmake -E cmake_progress_report /home/lrx/ServerFrameWork/CMakeFiles/CMakeTmp/CMakeFiles 1
Building CXX object CMakeFiles/cmTryCompileExec2248217431.dir/testCXXCompiler.cxx.o
/opt/rh/devtoolset-10/root/usr/bin/c++     -o CMakeFiles/cmTryCompileExec2248217431.dir/testCXXCompiler.cxx.o -c /home/lrx/ServerFrameWork/CMakeFiles/CMakeTmp/testCXXCompiler.cxx
Linking CXX executable cmTryCompileExec2248217431
/usr/bin/cmake -E cmake_link_script CMakeFiles/cmTryCompileExec2248217431.dir/link.txt --verbose=1
/opt/rh/devtoolset-10/root/usr/bin/c++        CMakeFiles/cmTryCompileExec2248217431.dir/testCXXCompiler.cxx.o  -o cmTryCompileExec2248217431 -rdynamic 
gmake[1]: Leaving directory '/home/lrx/ServerFrameWork/CMakeFiles/CMakeTmp'


Detecting CXX compiler ABI info compiled with the following output:
Change Dir: /home/lrx/ServerFrameWork/CMakeFiles/CMakeTmp

Run Build Command:/opt/rh/devtoolset-10/root/usr/bin/gmake "cmTryCompileExec1275449764/fast"
/opt/rh/devtoolset-10/root/usr/bin/gmake -f CMakeFiles/cmTryCompileExec1275449764.dir/build.make CMakeFiles/cmTryCompileExec1275449764.dir/build
gmake[1]: Entering directory '/home/lrx/ServerFrameWork/CMakeFiles/CMakeTmp'
/usr/bin/cmake -E cmake_progress_report /home/lrx/ServerFrameWork/CMakeFiles/CMakeTmp/CMakeFiles 1
Building CXX object CMakeFiles/cmTryCompileExec1275449764.dir/CMakeCXXCompilerABI.cpp.o
/opt/rh/devtoolset-10/root/usr/bin/c++     -o CMakeFiles/cmTryCompileExec1275449764.dir/CMakeCXXCompilerABI.cpp.o -c /usr/share/cmake/Modules/CMakeCXXCompilerABI.cpp
Linking CXX executable cmTryCompileExec1275449764
/usr/bin/cmake -E cmake_link_script CMakeFiles/cmTryCompileExec1275449764.dir/link.txt --verbose=1
/opt/rh/devtoolset-10/root/usr/bin/c++      -v CMakeFiles/cmTryCompileExec1275449764.dir/CMakeCXXCompilerABI.cpp.o  -o cmTryCompileExec1275449764 -rdynamic  
Using built-in specs.
COLLECT_GCC=/opt/rh/devtoolset-10/root/usr/bin/c++
COLLECT_LTO_WRAPPER=/opt/rh/devtoolset-10/root/usr/libexec/gcc/x86_64-redhat-linux/10/lto-wrapper
Target: x86_64-redhat-linux
Configured with: ../configure --enable-bootstrap --enable-languages=c,c++,fortran,lto --prefix=/opt/rh/devtoolset-10/root/usr --mandir=/opt/rh/devtoolset-10/root/usr/share/man --infodir=/opt/rh/devtoolset-10/root/usr/share/info --with-bugurl=http://bugzilla.redhat.com/bugzilla --enable-shared --enable-threads=posix --enable-checking=release --enable-multilib --with-system-zlib --enable-__cxa_atexit --disable-libunwind-exceptions --enable-gnu-unique-object --enable-linker-build-id --with-gcc-major-version-only --with-linker-hash-style=gnu --with-default-libstdcxx-abi=gcc4-compatible --enable-plugin --enable-initfini-array --with-isl=/builddir/build/BUILD/gcc-10.2.1-20210130/obj-x86_64-redhat-linux/isl-install --disable-libmpx --enable-gnu-indirect-function --with-tune=generic --with-arch_32=x86-64 --build=x86_64-redhat-linux
Thread model: posix
Supported LTO compression algorithms: zlib
gcc version 10.2.1 20210130 (Red Hat 10.2.1-11) (GCC) 
COMPILER_PATH=/opt/rh/devtoolset-10/root/usr/libexec/gcc/x86_64-redhat-linux/10/:/opt/rh/devtoolset-10/root/usr/libexec/gcc/x86_64-redhat-linux/10/:/opt/rh/devtoolset-10/root/usr/libexec/gcc/x86_64-redhat-linux/:/opt/rh/devtoolset-10/root/usr/lib/gcc/x86_64-redhat-linux/10/:/opt/rh/devtoolset-10/root/usr/lib/gcc/x86_64-redhat-linux/
LIBRARY_PATH=/opt/rh/devtoolset-10/root/usr/lib/gcc/x86_64-redhat-linux/10/:/opt/rh/devtoolset-10/root/usr/lib/gcc/x86_64-redhat-linux/10/../../../../lib64/:/lib/../lib64/:/usr/lib/../lib64/:/opt/rh/devtoolset-10/root/usr/lib/gcc/x86_64-redhat-linux/10/../../../:/lib/:/usr/lib/
COLLECT_GCC_OPTIONS='-v' '-o' 'cmTryCompileExec1275449764' '-rdynamic' '-shared-libgcc' '-mtune=generic' '-march=x86-64'
 /opt/rh/devtoolset-10/root/usr/libexec/gcc/x86_64-redhat-linux/10/collect2 -plugin /opt/rh/devtoolset-10/root/usr/libexec/gcc/x86_64-redhat-linux/10/liblto_plugin.so -plugin-opt=/opt/rh/devtoolset-10/root/usr/libexec/gcc/x86_64-redhat-linux/10/lto-wrapper -plugin-opt=-fresolution=/tmp/cc4Qzszz.res -plugin-opt=-pass-through=-lgcc_s -plugin-opt=-pass-through=-lgcc -plugin-opt=-pass-through=-lc -plugin-opt=-pass-through=-lgcc_s -plugin-opt=-pass-through=-lgcc --build-id --no-add-needed --eh-frame-hdr --hash-style=gnu -m elf_x86_64 -export-dynamic -dynamic-linker /lib64/ld-linux-x86-64.so.2 -o cmTryCompileExec1275449764 /lib/../lib64/crt1.o /lib/../lib64/crti.o /opt/rh/devtoolset-10/root/usr/lib/gcc/x86_64-redhat-linux/10/crtbegin.o -L/opt/rh/devtoolset-10/root/usr/lib/gcc/x86_64-redhat-linux/10 -L/opt/rh/devtoolset-10/root/usr/lib/gcc/x86_64-redhat-linux/10/../../../../lib64 -L/lib/../lib64 -L/usr/lib/../lib64 -L/opt/rh/devtoolset-10/root/usr/lib/gcc/x86_64-redhat-linux/10/../../.. CMakeFiles/cmTryCompileExec1275449764.dir/CMakeCXXCompilerABI.cpp.o -lstdc++ -lm -lgcc_s -lgcc -lc -lgcc_s -lgcc /opt/rh/devtoolset-10/root/usr/lib/gcc/x86_64-redhat-linux/10/crtend.o /lib/../lib64/crtn.o
COLLECT_GCC_OPTIONS='-v' '-o' 'cmTryCompileExec1275449764' '-rdynamic' '-shared-libgcc' '-mtune=generic' '-march=x86-64'
gmake[1]: Leaving directory '/home/lrx/ServerFrameWork/CMakeFiles/CMakeTmp'


Parsed CXX implicit link information from above output:
  link line regex: [^( *|.*[/\])(ld|([^/\]+-)?ld|collect2)[^/\]*( |$)]
  ignore line: [Change Dir: /home/lrx/ServerFrameWork/CMakeFiles/CMakeTmp]
  ignore line: []
  ignore line: [Run Build Command:/opt/rh/devtoolset-10/root/usr/bin/gmake "cmTryCompileExec1275449764/fast"]
  ignore line: [/opt/rh/devtoolset-10/root/usr/bin/gmake -f CMakeFiles/cmTryCompileExec1275449764.dir/build.make CMakeFiles/cmTryCompileExec1275449764.dir/build]
  ignore line: [gmake[1]: Entering directory '/home/lrx/ServerFrameWork/CMakeFiles/CMakeTmp']
  ignore line: [/usr/bin/cmake -E cmake_progress_report /home/lrx/ServerFrameWork/CMakeFiles/CMakeTmp/CMakeFiles 1]
  ignore line: [Building CXX object CMakeFiles/cmTryCompileExec1275449764.dir/CMakeCXXCompilerABI.cpp.o]
  ignore line: [/opt/rh/devtoolset-10/root/usr/bin/c++     -o CMakeFiles/cmTryCompileExec1275449764.dir/CMakeCXXCompilerABI.cpp.o -c /usr/share/cmake/Modules/CMakeCXXCompilerABI.cpp]
  ignore line: [Linking CXX executable cmTryCompileExec1275449764]
  ignore line: [/usr/bin/cmake -E cmake_link_script CMakeFiles/cmTryCompileExec1275449764.dir/link.txt --verbose=1]
  ignore line: [/opt/rh/devtoolset-10/root/usr/bin/c++      -v CMakeFiles/cmTryCompileExec1275449764.dir/CMakeCXXCompilerABI.cpp.o  -o cmTryCompileExec1275449764 -rdynamic  ]
  ignore line: [Using built-in specs.]
  ignore line: [COLLECT_GCC=/opt/rh/devtoolset-10/root/usr/bin/c++]
  ignore line: [COLLECT_LTO_WRAPPER=/opt/rh/devtoolset-10/root/usr/libexec/gcc/x86_64-redhat-linux/10/lto-wrapper]
  ignore line: [Target: x86_64-redhat-linux]
  ignore line: [Configured with: ../configure --enable-bootstrap --enable-languages=c,c++,fortran,lto --prefix=/opt/rh/devtoolset-10/root/usr --mandir=/opt/rh/devtoolset-10/root/usr/share/man --infodir=/opt/rh/devtoolset-10/root/usr/share/info --with-bugurl=http://bugzilla.redhat.com/bugzilla --enable-shared --enable-threads=posix --enable-checking=release --enable-multilib --with-system-zlib --enable-__cxa_atexit --disable-libunwind-exceptions --enable-gnu-unique-object --enable-linker-build-id --with-gcc-major-version-only --with-linker-hash-style=gnu --with-default-libstdcxx-abi=gcc4-compatible --enable-plugin --enable-initfini-array --with-isl=/builddir/build/BUILD/gcc-10.2.1-20210130/obj-x86_64-redhat-linux/isl-install --disable-libmpx --enable-gnu-indirect-function --with-tune=generic --with-arch_32=x86-64 --build=x86_64-redhat-linux]
  ignore line: [Thread model: posix]
  ignore line: [Supported LTO compression algorithms: zlib]
  ignore line: [gcc version 10.2.1 20210130 (Red Hat 10.2.1-11) (GCC) ]
  ignore line: [COMPILER_PATH=/opt/rh/devtoolset-10/root/usr/libexec/gcc/x86_64-redhat-linux/10/:/opt/rh/devtoolset-10/root/usr/libexec/gcc/x86_64-redhat-linux/10/:/opt/rh/devtoolset-10/root/usr/libexec/gcc/x86_64-redhat-linux/:/opt/rh/devtoolset-10/root/usr/lib/gcc/x86_64-redhat-linux/10/:/opt/rh/devtoolset-10/root/usr/lib/gcc/x86_64-redhat-linux/]
  ignore line: [LIBRARY_PATH=/opt/rh/devtoolset-10/root/usr/lib/gcc/x86_64-redhat-linux/10/:/opt/rh/devtoolset-10/root/usr/lib/gcc/x86_64-redhat-linux/10/../../../../lib64/:/lib/../lib64/:/usr/lib/../lib64/:/opt/rh/devtoolset-10/root/usr/lib/gcc/x86_64-redhat-linux/10/../../../:/lib/:/usr/lib/]
  ignore line: [COLLECT_GCC_OPTIONS='-v' '-o' 'cmTryCompileExec1275449764' '-rdynamic' '-shared-libgcc' '-mtune=generic' '-march=x86-64']
  link line: [ /opt/rh/devtoolset-10/root/usr/libexec/gcc/x86_64-redhat-linux/10/collect2 -plugin /opt/rh/devtoolset-10/root/usr/libexec/gcc/x86_64-redhat-linux/10/liblto_plugin.so -plugin-opt=/opt/rh/devtoolset-10/root/usr/libexec/gcc/x86_64-redhat-linux/10/lto-wrapper -plugin-opt=-fresolution=/tmp/cc4Qzszz.res -plugin-opt=-pass-through=-lgcc_s -plugin-opt=-pass-through=-lgcc -plugin-opt=-pass-through=-lc -plugin-opt=-pass-through=-lgcc_s -plugin-opt=-pass-through=-lgcc --build-id --no-add-needed --eh-frame-hdr --hash-style=gnu -m elf_x86_64 -export-dynamic -dynamic-linker /lib64/ld-linux-x86-64.so.2 -o cmTryCompileExec1275449764 /lib/../lib64/crt1.o /lib/../lib64/crti.o /opt/rh/devtoolset-10/root/usr/lib/gcc/x86_64-redhat-linux/10/crtbegin.o -L/opt/rh/devtoolset-10/root/usr/lib/gcc/x86_64-redhat-linux/10 -L/opt/rh/devtoolset-10/root/usr/lib/gcc/x86_64-redhat-linux/10/../../../../lib64 -L/lib/../lib64 -L/usr/lib/../lib64 -L/opt/rh/devtoolset-10/root/usr/lib/gcc/x86_64-redhat-linux/10/../../.. CMakeFiles/cmTryCompileExec1275449764.dir/CMakeCXXCompilerABI.cpp.o -lstdc++ -lm -lgcc_s -lgcc -lc -lgcc_s -lgcc /opt/rh/devtoolset-10/root/usr/lib/gcc/x86_64-redhat-linux/10/crtend.o /lib/../lib64/crtn.o]
    arg [/opt/rh/devtoolset-10/root/usr/libexec/gcc/x86_64-redhat-linux/10/collect2] ==> ignore
    arg [-plugin] ==> ignore
    arg [/opt/rh/devtoolset-10/root/usr/libexec/gcc/x86_64-redhat-linux/10/liblto_plugin.so] ==> ignore
    arg [-plugin-opt=/opt/rh/devtoolset-10/root/usr/libexec/gcc/x86_64-redhat-linux/10/lto-wrapper] ==> ignore
    arg [-plugin-opt=-fresolution=/tmp/cc4Qzszz.res] ==> ignore
    arg [-plugin-opt=-pass-through=-lgcc_s] ==> ignore
    arg [-plugin-opt=-pass-through=-lgcc] ==> ignore
    arg [-plugin-opt=-pass-through=-lc] ==> ignore
    arg [-plugin-opt=-pass-through=-lgcc_s] ==> ignore
    arg [-plugin-opt=-pass-through=-lgcc] ==> ignore
    arg [--build-id] ==> ignore
    arg [--no-add-needed] ==> ignore
    arg [--eh-frame-hdr] ==> ignore
    arg [--hash-style=gnu] ==> ignore
    arg [-m] ==> ignore
    arg [elf_x86_64] ==> ignore
    arg [-export-dynamic] ==> ignore
    arg [-dynamic-linker] ==> ignore
    arg [/lib64/ld-linux-x86-64.so.2] ==> ignore
    arg [-o] ==> ignore
    arg [cmTryCompileExec1275449764] ==> ignore
    arg [/lib/../lib64/crt1.o] ==> ignore
    arg [/lib/../lib64/crti.o] ==> ignore
    arg [/opt/rh/devtoolset-10/root/usr/lib/gcc/x86_64-redhat-linux/10/crtbegin.o] ==> ignore
    arg [-L/opt/rh/devtoolset-10/root/usr/lib/gcc/x86_64-redhat-linux/10] ==> dir [/opt/rh/devtoolset-10/root/usr/lib/gcc/x86_64-redhat-linux/10]
    arg [-L/opt/rh/devtoolset-10/root/usr/lib/gcc/x86_64-redhat-linux/10/../../../../lib64] ==> dir [/opt/rh/devtoolset-10/root/usr/lib/gcc/x86_64-redhat-linux/10/../../../../lib64]
    arg [-L/lib/../lib64] ==> dir [/lib/../lib64]
    arg [-L/usr/lib/../lib64] ==> dir [/usr/lib/../lib64]
    arg [-L/opt/rh/devtoolset-10/root/usr/lib/gcc/x86_64-redhat-linux/10/../../..] ==> dir [/opt/rh/devtoolset-10/root/usr/lib/gcc/x86_64-redhat-linux/10/../../..]
    arg [CMakeFiles/cmTryCompileExec1275449764.dir/CMakeCXXCompilerABI.cpp.o] ==> ignore
    arg [-lstdc++] ==> lib [stdc++]
    arg [-lm] ==> lib [m]
    arg [-lgcc_s] ==> lib [gcc_s]
    arg [-lgcc] ==> lib [gcc]
    arg [-lc] ==> lib [c]
    arg [-lgcc_s] ==> lib [gcc_s]
    arg [-lgcc] ==> lib [gcc]
    arg [/opt/rh/devtoolset-10/root/usr/lib/gcc/x86_64-redhat-linux/10/crtend.o] ==> ignore
    arg [/lib/../lib64/crtn.o] ==> ignore
  remove lib [gcc_s]
  remove lib [gcc]
  remove lib [gcc_s]
  remove lib [gcc]
  collapse library dir [/opt/rh/devtoolset-10/root/usr/lib/gcc/x86_64-redhat-linux/10] ==> [/opt/rh/devtoolset-10/root/usr/lib/gcc/x86_64-redhat-linux/10]
  collapse library dir [/opt/rh/devtoolset-10/root/usr/lib/gcc/x86_64-redhat-linux/10/../../../../lib64] ==> [/opt/rh/devtoolset-10/root/usr/lib64]
  collapse library dir [/lib/../lib64] ==> [/lib64]
  collapse library dir [/usr/lib/../lib64] ==> [/usr/lib64]
  collapse library dir [/opt/rh/devtoolset-10/root/usr/lib/gcc/x86_64-redhat-linux/10/../../..] ==> [/opt/rh/devtoolset-10/root/usr/lib]
  implicit libs: [stdc++;m;c]
  implicit dirs: [/opt/rh/devtoolset-10/root/usr/lib/gcc/x86_64-redhat-linux/10;/opt/rh/devtoolset-10/root/usr/lib64;/lib64;/usr/lib64;/opt/rh/devtoolset-10/root/usr/lib]
  implicit fwks: []


